<?xml version="1.0" encoding="UTF-8" ?>
<testsuite tests="4" failures="0" name="FizzBuzzTest" time="0.012" errors="0" skipped="0">
  <properties>
[...]
</properties>
  <testcase classname="FizzBuzzTest" name="testReturnsFizzWhenNumDivisibleBy3" time="0.012"/>
  <testcase classname="FizzBuzzTest" name="testReturnsBuzzWhenNumDivisibleBy5" time="0"/>
  <testcase classname="FizzBuzzTest" name="testReturnsInputNumber" time="0"/>
  <testcase classname="FizzBuzzTest" name="testReturnsFizzBuzzWhenNumDivisibleBy3and5" time="0"/>
</testsuite>